#
# There is insufficient memory for the Java Runtime Environment to continue.
# Native memory allocation (mmap) failed to map 65011712 bytes for G1 virtual space
# Possible reasons:
#   The system is out of physical RAM or swap space
#   The process is running with CompressedOops enabled, and the Java Heap may be blocking the growth of the native heap
# Possible solutions:
#   Reduce memory load on the system
#   Increase physical memory or swap space
#   Check if swap backing store is full
#   Decrease Java heap size (-Xmx/-Xms)
#   Decrease number of Java threads
#   Decrease Java thread stack sizes (-Xss)
#   Set larger code cache with -XX:ReservedCodeCacheSize=
#   JVM is running with Unscaled Compressed Oops mode in which the Java heap is
#     placed in the first 4GB address space. The Java Heap base address is the
#     maximum limit for the native heap growth. Please use -XX:HeapBaseMinAddress
#     to set the Java Heap base and to place the Java Heap above 4GB virtual address.
# This output file may be truncated or incomplete.
#
#  Out of Memory Error (os_windows.cpp:3550), pid=2908, tid=21408
#
# JRE version:  (17.0.7+8) (build )
# Java VM: Java HotSpot(TM) 64-Bit Server VM (17.0.7+8-LTS-224, mixed mode, sharing, tiered, compressed oops, compressed class ptrs, g1 gc, windows-amd64)
# No core dump will be written. Minidumps are not enabled by default on client versions of Windows
#

---------------  S U M M A R Y ------------

Command Line: -Dnet.bytebuddy.agent.attacher.dump= net.bytebuddy.agent.Attacher com.sun.tools.attach.VirtualMachine 36324 C:\Users\sushm\.gradle\caches\modules-2\files-2.1\net.bytebuddy\byte-buddy-agent\1.15.11\a38b16385e867f59a641330f0362ebe742788ed8\byte-buddy-agent-1.15.11.jar false 

Host: Intel(R) Core(TM) i5-10210U CPU @ 1.60GHz, 8 cores, 3G,  Windows 11 , 64 bit Build 22621 (10.0.22621.4391)
Time: Tue Feb 18 11:30:09 2025 Romance Standard Time elapsed time: 0.033594 seconds (0d 0h 0m 0s)

---------------  T H R E A D  ---------------

Current thread (0x000001dfc1ac6900):  JavaThread "Unknown thread" [_thread_in_vm, id=21408, stack(0x000000430e900000,0x000000430ea00000)]

Stack: [0x000000430e900000,0x000000430ea00000]
Native frames: (J=compiled Java code, j=interpreted, Vv=VM code, C=native code)
V  [jvm.dll+0x676a4a]
V  [jvm.dll+0x7d74f4]
V  [jvm.dll+0x7d8c9e]
V  [jvm.dll+0x7d9303]
V  [jvm.dll+0x2452c5]
V  [jvm.dll+0x6738f9]
V  [jvm.dll+0x668232]
V  [jvm.dll+0x302826]
V  [jvm.dll+0x309da6]
V  [jvm.dll+0x35952e]
V  [jvm.dll+0x35975f]
V  [jvm.dll+0x2d9a38]
V  [jvm.dll+0x2da9a4]
V  [jvm.dll+0x7a8fb1]
V  [jvm.dll+0x3670e1]
V  [jvm.dll+0x788359]
V  [jvm.dll+0x3ea5ef]
V  [jvm.dll+0x3ec071]
C  [jli.dll+0x5297]
C  [ucrtbase.dll+0x29333]
C  [KERNEL32.DLL+0x1259d]
C  [ntdll.dll+0x5af38]


---------------  P R O C E S S  ---------------

Threads class SMR info:
_java_thread_list=0x00007ffb09634998, length=0, elements={
}

Java Threads: ( => current thread )

Other Threads:
  0x000001dfc1afd4b0 GCTaskThread "GC Thread#0" [stack: 0x000000430ea00000,0x000000430eb00000] [id=18400]
  0x000001dfc1b07e10 ConcurrentGCThread "G1 Main Marker" [stack: 0x000000430eb00000,0x000000430ec00000] [id=23580]
  0x000001dfc1b08820 ConcurrentGCThread "G1 Conc#0" [stack: 0x000000430ec00000,0x000000430ed00000] [id=3964]

[error occurred during error reporting (printing all threads), id 0xc0000005, EXCEPTION_ACCESS_VIOLATION (0xc0000005) at pc=0x00007ffb08e6a697]

VM state: not at safepoint (not fully initialized)

VM Mutex/Monitor currently owned by a thread:  ([mutex/lock_event])
[0x000001dfc1ac3190] Heap_lock - owner thread: 0x000001dfc1ac6900

Heap address: 0x00000000c3000000, size: 976 MB, Compressed Oops mode: 32-bit

CDS archive(s) mapped at: [0x0000000000000000-0x0000000000000000-0x0000000000000000), size 0, SharedBaseAddress: 0x0000000800000000, ArchiveRelocationMode: 0.
Narrow klass base: 0x0000000000000000, Narrow klass shift: 0, Narrow klass range: 0x0

GC Precious Log:
<Empty>

Heap:
 garbage-first heap   total 0K, used 0K [0x00000000c3000000, 0x0000000100000000)
  region size 1024K, 0 young (0K), 0 survivors (0K)

[error occurred during error reporting (printing heap information), id 0xc0000005, EXCEPTION_ACCESS_VIOLATION (0xc0000005) at pc=0x00007ffb092500b9]

GC Heap History (0 events):
No events

Deoptimization events (0 events):
No events

Classes unloaded (0 events):
No events

Classes redefined (0 events):
No events

Internal exceptions (0 events):
No events

VM Operations (0 events):
No events

Events (1 events):
Event: 0.019 Loaded shared library C:\Program Files\Java\jdk-17\bin\java.dll


Dynamic libraries:
0x00007ff666a90000 - 0x00007ff666aa0000 	C:\Program Files\Java\jdk-17\bin\java.exe
0x00007ffbae5b0000 - 0x00007ffbae7c7000 	C:\WINDOWS\SYSTEM32\ntdll.dll
0x00007ffbae080000 - 0x00007ffbae144000 	C:\WINDOWS\System32\KERNEL32.DLL
0x00007ffbabae0000 - 0x00007ffbabe9a000 	C:\WINDOWS\System32\KERNELBASE.dll
0x00007ffbac100000 - 0x00007ffbac211000 	C:\WINDOWS\System32\ucrtbase.dll
0x00007ffb94880000 - 0x00007ffb94899000 	C:\Program Files\Java\jdk-17\bin\jli.dll
0x00007ffba0bd0000 - 0x00007ffba0beb000 	C:\Program Files\Java\jdk-17\bin\VCRUNTIME140.dll
0x00007ffbae2f0000 - 0x00007ffbae3a2000 	C:\WINDOWS\System32\ADVAPI32.dll
0x00007ffbacc70000 - 0x00007ffbacd17000 	C:\WINDOWS\System32\msvcrt.dll
0x00007ffbae400000 - 0x00007ffbae4a7000 	C:\WINDOWS\System32\sechost.dll
0x00007ffbab9e0000 - 0x00007ffbaba08000 	C:\WINDOWS\System32\bcrypt.dll
0x00007ffbacab0000 - 0x00007ffbacbc4000 	C:\WINDOWS\System32\RPCRT4.dll
0x00007ffbadb30000 - 0x00007ffbadcde000 	C:\WINDOWS\System32\USER32.dll
0x00007ffbaba10000 - 0x00007ffbaba36000 	C:\WINDOWS\System32\win32u.dll
0x00007ffbae540000 - 0x00007ffbae569000 	C:\WINDOWS\System32\GDI32.dll
0x00007ffbabf20000 - 0x00007ffbac03b000 	C:\WINDOWS\System32\gdi32full.dll
0x00007ffb87780000 - 0x00007ffb87a12000 	C:\WINDOWS\WinSxS\amd64_microsoft.windows.common-controls_6595b64144ccf1df_6.0.22621.4541_none_2710d1c57384c085\COMCTL32.dll
0x00007ffbaba40000 - 0x00007ffbabada000 	C:\WINDOWS\System32\msvcp_win.dll
0x00007ffba7320000 - 0x00007ffba732a000 	C:\WINDOWS\SYSTEM32\VERSION.dll
0x00007ffbacc30000 - 0x00007ffbacc61000 	C:\WINDOWS\System32\IMM32.DLL
0x00007ffb94740000 - 0x00007ffb9474c000 	C:\Program Files\Java\jdk-17\bin\vcruntime140_1.dll
0x00007ffb441b0000 - 0x00007ffb4423e000 	C:\Program Files\Java\jdk-17\bin\msvcp140.dll
0x00007ffb08b80000 - 0x00007ffb0975d000 	C:\Program Files\Java\jdk-17\bin\server\jvm.dll
0x00007ffbacee0000 - 0x00007ffbacee8000 	C:\WINDOWS\System32\PSAPI.DLL
0x00007ffba40b0000 - 0x00007ffba40b9000 	C:\WINDOWS\SYSTEM32\WSOCK32.dll
0x00007ffbae150000 - 0x00007ffbae1c1000 	C:\WINDOWS\System32\WS2_32.dll
0x00007ffba70f0000 - 0x00007ffba7124000 	C:\WINDOWS\SYSTEM32\WINMM.dll
0x00007ffbaa880000 - 0x00007ffbaa898000 	C:\WINDOWS\SYSTEM32\kernel.appcore.dll
0x00007ffb94730000 - 0x00007ffb9473a000 	C:\Program Files\Java\jdk-17\bin\jimage.dll
0x00007ffba8cb0000 - 0x00007ffba8ee2000 	C:\WINDOWS\SYSTEM32\DBGHELP.DLL
0x00007ffbadce0000 - 0x00007ffbae071000 	C:\WINDOWS\System32\combase.dll
0x00007ffbac4e0000 - 0x00007ffbac5b7000 	C:\WINDOWS\System32\OLEAUT32.dll
0x00007ffba5c70000 - 0x00007ffba5ca2000 	C:\WINDOWS\SYSTEM32\dbgcore.DLL
0x00007ffbac220000 - 0x00007ffbac29b000 	C:\WINDOWS\System32\bcryptPrimitives.dll
0x00007ffb86240000 - 0x00007ffb86265000 	C:\Program Files\Java\jdk-17\bin\java.dll

dbghelp: loaded successfully - version: 4.0.5 - missing functions: none
symbol engine: initialized successfully - sym options: 0x614 - pdb path: .;C:\Program Files\Java\jdk-17\bin;C:\WINDOWS\SYSTEM32;C:\WINDOWS\WinSxS\amd64_microsoft.windows.common-controls_6595b64144ccf1df_6.0.22621.4541_none_2710d1c57384c085;C:\Program Files\Java\jdk-17\bin\server

VM Arguments:
jvm_args: -Dnet.bytebuddy.agent.attacher.dump= 
java_command: net.bytebuddy.agent.Attacher com.sun.tools.attach.VirtualMachine 36324 C:\Users\sushm\.gradle\caches\modules-2\files-2.1\net.bytebuddy\byte-buddy-agent\1.15.11\a38b16385e867f59a641330f0362ebe742788ed8\byte-buddy-agent-1.15.11.jar false 
java_class_path (initial): C:\Users\sushm\.gradle\caches\modules-2\files-2.1\net.bytebuddy\byte-buddy-agent\1.15.11\a38b16385e867f59a641330f0362ebe742788ed8\byte-buddy-agent-1.15.11.jar
Launcher Type: SUN_STANDARD

[Global flags]
     intx CICompilerCount                          = 4                                         {product} {ergonomic}
     uint ConcGCThreads                            = 2                                         {product} {ergonomic}
     uint G1ConcRefinementThreads                  = 8                                         {product} {ergonomic}
   size_t G1HeapRegionSize                         = 1048576                                   {product} {ergonomic}
    uintx GCDrainStackTargetSize                   = 64                                        {product} {ergonomic}
   size_t InitialHeapSize                          = 65011712                                  {product} {ergonomic}
   size_t MarkStackSize                            = 4194304                                   {product} {ergonomic}
   size_t MaxHeapSize                              = 1023410176                                {product} {ergonomic}
   size_t MinHeapDeltaBytes                        = 1048576                                   {product} {ergonomic}
   size_t MinHeapSize                              = 8388608                                   {product} {ergonomic}
    uintx NonNMethodCodeHeapSize                   = 5839372                                {pd product} {ergonomic}
    uintx NonProfiledCodeHeapSize                  = 122909434                              {pd product} {ergonomic}
    uintx ProfiledCodeHeapSize                     = 122909434                              {pd product} {ergonomic}
    uintx ReservedCodeCacheSize                    = 251658240                              {pd product} {ergonomic}
     bool SegmentedCodeCache                       = true                                      {product} {ergonomic}
   size_t SoftMaxHeapSize                          = 1023410176                             {manageable} {ergonomic}
     bool UseCompressedClassPointers               = true                           {product lp64_product} {ergonomic}
     bool UseCompressedOops                        = true                           {product lp64_product} {ergonomic}
     bool UseG1GC                                  = true                                      {product} {ergonomic}
     bool UseLargePagesIndividualAllocation        = false                                  {pd product} {ergonomic}

Logging:
Log output configuration:
 #0: stdout all=warning uptime,level,tags
 #1: stderr all=off uptime,level,tags

Environment Variables:
CLASSPATH=C:\Users\sushm\Documents\CHARAN\quoteAggregator\\gradle\wrapper\gradle-wrapper.jar
PATH=C:\Program Files\Common Files\Oracle\Java\javapath;C:\WINDOWS\system32;C:\WINDOWS;C:\WINDOWS\System32\Wbem;C:\WINDOWS\System32\WindowsPowerShell\v1.0\;C:\WINDOWS\System32\OpenSSH\;C:\Program Files\Docker\Docker\resources\bin;C:\Program Files\HP\HP One Agent;C:\Program Files\Git\cmd;C:\Program Files\Vagrant\bin;C:\Program Files (x86)\Windows Kits\10\Windows Performance Toolkit\;SYSTEMC_HOME=C:\systemc-2.3.4;C:\Users\sushm\Downloads\winlibs-x86_64-posix-seh-gcc-14.2.0-llvm-18.1.8-mingw-w64ucrt-12.0.0-r1\mingw64\bin;C:\Program Files\nodejs\;C:\Program Files\MySQL\MySQL Shell 8.0\bin\;C:\Users\sushm\AppData\Local\Programs\Python\Python312\Scripts\;C:\Users\sushm\AppData\Local\Programs\Python\Python312\;C:\Program Files (x86)\Java\jdk1.7.0_21\bin;C:\Users\sushm\AppData\Local\Programs\Microsoft VS Code\bin;C:\Users\sushm\AppData\Local\Microsoft\WindowsApps;SYSTEMC_HOME=C:\systemc-2.3.4;C:\Users\sushm\AppData\Roaming\npm;C:\Users\sushm\AppData\Local\JetBrains\Toolbox\scripts;;C:\Program Files\JetBrains\IntelliJ IDEA Community Edition 2024.3.1.1\bin;
USERNAME=sushm
OS=Windows_NT
PROCESSOR_IDENTIFIER=Intel64 Family 6 Model 142 Stepping 12, GenuineIntel



---------------  S Y S T E M  ---------------

OS:
 Windows 11 , 64 bit Build 22621 (10.0.22621.4391)
OS uptime: 25 days 17:59 hours
Hyper-V role detected

CPU: total 8 (initial active 8) (4 cores per cpu, 2 threads per core) family 6 model 142 stepping 12 microcode 0xea, cx8, cmov, fxsr, ht, mmx, 3dnowpref, sse, sse2, sse3, ssse3, sse4.1, sse4.2, popcnt, lzcnt, tsc, tscinvbit, avx, avx2, aes, erms, clmul, bmi1, bmi2, adx, fma, vzeroupper, clflush, clflushopt, hv

Memory: 4k page, system-wide physical 3899M (327M free)
TotalPageFile size 15675M (AvailPageFile size 22M)
current process WorkingSet (physical memory assigned to process): 10M, peak: 10M
current process commit charge ("private bytes"): 59M, peak: 121M

vm_info: Java HotSpot(TM) 64-Bit Server VM (17.0.7+8-LTS-224) for windows-amd64 JRE (17.0.7+8-LTS-224), built on Feb 28 2023 23:03:02 by "mach5one" with MS VC++ 17.1 (VS2022)

END.
