#
# There is insufficient memory for the Java Runtime Environment to continue.
# Native memory allocation (mmap) failed to map 13631488 bytes for G1 virtual space
# Possible reasons:
#   The system is out of physical RAM or swap space
#   The process is running with CompressedOops enabled, and the Java Heap may be blocking the growth of the native heap
# Possible solutions:
#   Reduce memory load on the system
#   Increase physical memory or swap space
#   Check if swap backing store is full
#   Decrease Java heap size (-Xmx/-Xms)
#   Decrease number of Java threads
#   Decrease Java thread stack sizes (-Xss)
#   Set larger code cache with -XX:ReservedCodeCacheSize=
#   JVM is running with Unscaled Compressed Oops mode in which the Java heap is
#     placed in the first 4GB address space. The Java Heap base address is the
#     maximum limit for the native heap growth. Please use -XX:HeapBaseMinAddress
#     to set the Java Heap base and to place the Java Heap above 4GB virtual address.
# This output file may be truncated or incomplete.
#
#  Out of Memory Error (os_windows.cpp:3550), pid=14620, tid=2912
#
# JRE version: Java(TM) SE Runtime Environment (17.0.7+8) (build 17.0.7+8-LTS-224)
# Java VM: Java HotSpot(TM) 64-Bit Server VM (17.0.7+8-LTS-224, mixed mode, sharing, tiered, compressed oops, compressed class ptrs, g1 gc, windows-amd64)
# No core dump will be written. Minidumps are not enabled by default on client versions of Windows
#

---------------  S U M M A R Y ------------

Command Line: -Dfile.encoding=UTF-8 -Duser.country=IN -Duser.language=en -Duser.variant com.aggregator.quoteAggregator.QuoteAggregatorApplication

Host: Intel(R) Core(TM) i5-10210U CPU @ 1.60GHz, 8 cores, 3G,  Windows 11 , 64 bit Build 22621 (10.0.22621.4391)
Time: Sat Feb 22 11:33:28 2025 Romance Standard Time elapsed time: 181.459200 seconds (0d 0h 3m 1s)

---------------  T H R E A D  ---------------

Current thread (0x000001ebab354cb0):  VMThread "VM Thread" [stack: 0x0000000cf3d00000,0x0000000cf3e00000] [id=2912]

Stack: [0x0000000cf3d00000,0x0000000cf3e00000]
Native frames: (J=compiled Java code, j=interpreted, Vv=VM code, C=native code)
V  [jvm.dll+0x676a4a]
V  [jvm.dll+0x7d74f4]
V  [jvm.dll+0x7d8c9e]
V  [jvm.dll+0x7d9303]
V  [jvm.dll+0x2452c5]
V  [jvm.dll+0x6738f9]
V  [jvm.dll+0x668232]
V  [jvm.dll+0x302826]
V  [jvm.dll+0x309da6]
V  [jvm.dll+0x35952e]
V  [jvm.dll+0x35975f]
V  [jvm.dll+0x2d9a38]
V  [jvm.dll+0x2d7e45]
V  [jvm.dll+0x2d744c]
V  [jvm.dll+0x31ab1b]
V  [jvm.dll+0x7ddb0b]
V  [jvm.dll+0x7de844]
V  [jvm.dll+0x7ded5d]
V  [jvm.dll+0x7df134]
V  [jvm.dll+0x7df200]
V  [jvm.dll+0x78759a]
V  [jvm.dll+0x675875]
C  [ucrtbase.dll+0x29333]
C  [KERNEL32.DLL+0x1259d]
C  [ntdll.dll+0x5af38]

VM_Operation (0x0000000cf5cf74d0): G1CollectForAllocation, mode: safepoint, requested by thread 0x000001ebb0bd21a0


---------------  P R O C E S S  ---------------

Threads class SMR info:
_java_thread_list=0x000001ebad3b0f10, length=39, elements={
0x000001ebab3588a0, 0x000001ebab35b720, 0x000001ebab36c890, 0x000001ebab36d240,
0x000001ebab36ec00, 0x000001ebab36f5b0, 0x000001ebab370340, 0x000001ebab37c2f0,
0x000001ebab380c20, 0x000001ebac098b90, 0x000001ebac0a6580, 0x000001ebaf6722a0,
0x000001ebaf0444d0, 0x000001ebada57c90, 0x000001ebac76c0c0, 0x000001ebb0bd2b40,
0x000001ebb0bd3010, 0x000001ebb0bd1cd0, 0x000001ebb0bd21a0, 0x000001ebb0bd2670,
0x000001ebb0bd34e0, 0x000001ebb0bd39b0, 0x000001ebb0bd1330, 0x000001ebb0bd0990,
0x000001ebb0bd1800, 0x000001ebb0bd3e80, 0x000001ebb0bd4350, 0x000001ebb45f2900,
0x000001ebb45f0c20, 0x000001ebb45eb0b0, 0x000001ebb45ee5a0, 0x000001ebb45f1a90,
0x000001ebb45f1f60, 0x000001ebb45f15c0, 0x000001ebb45eb580, 0x000001ebb45f10f0,
0x000001ebb45ed730, 0x000001ebb45ee0d0, 0x000001ebb45ecd90
}

Java Threads: ( => current thread )
  0x000001ebab3588a0 JavaThread "Reference Handler" daemon [_thread_blocked, id=18960, stack(0x0000000cf3e00000,0x0000000cf3f00000)]
  0x000001ebab35b720 JavaThread "Finalizer" daemon [_thread_blocked, id=14968, stack(0x0000000cf3f00000,0x0000000cf4000000)]
  0x000001ebab36c890 JavaThread "Signal Dispatcher" daemon [_thread_blocked, id=19920, stack(0x0000000cf4000000,0x0000000cf4100000)]
  0x000001ebab36d240 JavaThread "Attach Listener" daemon [_thread_blocked, id=3424, stack(0x0000000cf4100000,0x0000000cf4200000)]
  0x000001ebab36ec00 JavaThread "Service Thread" daemon [_thread_blocked, id=18884, stack(0x0000000cf4200000,0x0000000cf4300000)]
  0x000001ebab36f5b0 JavaThread "Monitor Deflation Thread" daemon [_thread_blocked, id=20788, stack(0x0000000cf4300000,0x0000000cf4400000)]
  0x000001ebab370340 JavaThread "C2 CompilerThread0" daemon [_thread_blocked, id=19552, stack(0x0000000cf4400000,0x0000000cf4500000)]
  0x000001ebab37c2f0 JavaThread "C1 CompilerThread0" daemon [_thread_blocked, id=1032, stack(0x0000000cf4500000,0x0000000cf4600000)]
  0x000001ebab380c20 JavaThread "Sweeper thread" daemon [_thread_blocked, id=9592, stack(0x0000000cf4600000,0x0000000cf4700000)]
  0x000001ebac098b90 JavaThread "Notification Thread" daemon [_thread_blocked, id=10556, stack(0x0000000cf4700000,0x0000000cf4800000)]
  0x000001ebac0a6580 JavaThread "Common-Cleaner" daemon [_thread_blocked, id=12884, stack(0x0000000cf4900000,0x0000000cf4a00000)]
  0x000001ebaf6722a0 JavaThread "Catalina-utility-1" [_thread_blocked, id=7836, stack(0x0000000cf5400000,0x0000000cf5500000)]
  0x000001ebaf0444d0 JavaThread "Catalina-utility-2" [_thread_blocked, id=20712, stack(0x0000000cf5500000,0x0000000cf5600000)]
  0x000001ebada57c90 JavaThread "container-0" [_thread_blocked, id=13916, stack(0x0000000cf5600000,0x0000000cf5700000)]
  0x000001ebac76c0c0 JavaThread "HikariPool-1 housekeeper" daemon [_thread_blocked, id=15784, stack(0x0000000cf5700000,0x0000000cf5800000)]
  0x000001ebb0bd2b40 JavaThread "File Watcher" daemon [_thread_blocked, id=14584, stack(0x0000000cf5900000,0x0000000cf5a00000)]
  0x000001ebb0bd3010 JavaThread "Live Reload Server" daemon [_thread_in_native, id=21024, stack(0x0000000cf5b00000,0x0000000cf5c00000)]
  0x000001ebb0bd1cd0 JavaThread "http-nio-8080-exec-1" daemon [_thread_blocked, id=16340, stack(0x0000000cf5a00000,0x0000000cf5b00000)]
  0x000001ebb0bd21a0 JavaThread "http-nio-8080-exec-2" daemon [_thread_blocked, id=5136, stack(0x0000000cf5c00000,0x0000000cf5d00000)]
  0x000001ebb0bd2670 JavaThread "http-nio-8080-exec-3" daemon [_thread_blocked, id=20748, stack(0x0000000cf5d00000,0x0000000cf5e00000)]
  0x000001ebb0bd34e0 JavaThread "http-nio-8080-exec-4" daemon [_thread_blocked, id=13116, stack(0x0000000cf5e00000,0x0000000cf5f00000)]
  0x000001ebb0bd39b0 JavaThread "http-nio-8080-exec-5" daemon [_thread_blocked, id=1356, stack(0x0000000cf5f00000,0x0000000cf6000000)]
  0x000001ebb0bd1330 JavaThread "http-nio-8080-exec-6" daemon [_thread_blocked, id=15132, stack(0x0000000cf6000000,0x0000000cf6100000)]
  0x000001ebb0bd0990 JavaThread "http-nio-8080-exec-7" daemon [_thread_blocked, id=16380, stack(0x0000000cf6100000,0x0000000cf6200000)]
  0x000001ebb0bd1800 JavaThread "http-nio-8080-exec-8" daemon [_thread_blocked, id=5068, stack(0x0000000cf6200000,0x0000000cf6300000)]
  0x000001ebb0bd3e80 JavaThread "http-nio-8080-exec-9" daemon [_thread_blocked, id=11556, stack(0x0000000cf6300000,0x0000000cf6400000)]
  0x000001ebb0bd4350 JavaThread "http-nio-8080-exec-10" daemon [_thread_blocked, id=2388, stack(0x0000000cf6400000,0x0000000cf6500000)]
  0x000001ebb45f2900 JavaThread "http-nio-8080-Poller" daemon [_thread_in_native, id=11452, stack(0x0000000cf6500000,0x0000000cf6600000)]
  0x000001ebb45f0c20 JavaThread "http-nio-8080-Acceptor" daemon [_thread_in_native, id=4728, stack(0x0000000cf6600000,0x0000000cf6700000)]
  0x000001ebb45eb0b0 JavaThread "DestroyJavaVM" [_thread_blocked, id=19856, stack(0x0000000cf3700000,0x0000000cf3800000)]
  0x000001ebb45ee5a0 JavaThread "reactor-http-nio-1" daemon [_thread_in_native, id=4480, stack(0x0000000cf3400000,0x0000000cf3500000)]
  0x000001ebb45f1a90 JavaThread "reactor-http-nio-2" daemon [_thread_in_native, id=14708, stack(0x0000000cf3500000,0x0000000cf3600000)]
  0x000001ebb45f1f60 JavaThread "reactor-http-nio-3" daemon [_thread_in_native, id=18508, stack(0x0000000cf3600000,0x0000000cf3700000)]
  0x000001ebb45f15c0 JavaThread "reactor-http-nio-4" daemon [_thread_in_native, id=16876, stack(0x0000000cf4a00000,0x0000000cf4b00000)]
  0x000001ebb45eb580 JavaThread "reactor-http-nio-5" daemon [_thread_in_native, id=15260, stack(0x0000000cf4b00000,0x0000000cf4c00000)]
  0x000001ebb45f10f0 JavaThread "reactor-http-nio-6" daemon [_thread_in_native, id=15636, stack(0x0000000cf5800000,0x0000000cf5900000)]
  0x000001ebb45ed730 JavaThread "reactor-http-nio-7" daemon [_thread_in_native, id=17176, stack(0x0000000cf6700000,0x0000000cf6800000)]
  0x000001ebb45ee0d0 JavaThread "reactor-http-nio-8" daemon [_thread_in_native, id=11056, stack(0x0000000cf6800000,0x0000000cf6900000)]
  0x000001ebb45ecd90 JavaThread "Thread-15" daemon [_thread_in_native, id=9976, stack(0x0000000cf6900000,0x0000000cf6a00000)]

Other Threads:
=>0x000001ebab354cb0 VMThread "VM Thread" [stack: 0x0000000cf3d00000,0x0000000cf3e00000] [id=2912]
  0x000001eb8f9e71b0 WatcherThread [stack: 0x0000000cf4800000,0x0000000cf4900000] [id=17536]
  0x000001eb8f9d6c30 GCTaskThread "GC Thread#0" [stack: 0x0000000cf3800000,0x0000000cf3900000] [id=8016]
  0x000001ebacc48320 GCTaskThread "GC Thread#1" [stack: 0x0000000cf4c00000,0x0000000cf4d00000] [id=3264]
  0x000001ebace688b0 GCTaskThread "GC Thread#2" [stack: 0x0000000cf4d00000,0x0000000cf4e00000] [id=18656]
  0x000001ebace8fc00 GCTaskThread "GC Thread#3" [stack: 0x0000000cf4e00000,0x0000000cf4f00000] [id=9824]
  0x000001ebace8feb0 GCTaskThread "GC Thread#4" [stack: 0x0000000cf4f00000,0x0000000cf5000000] [id=16792]
  0x000001ebace90160 GCTaskThread "GC Thread#5" [stack: 0x0000000cf5000000,0x0000000cf5100000] [id=3580]
  0x000001ebad50b3b0 GCTaskThread "GC Thread#6" [stack: 0x0000000cf5200000,0x0000000cf5300000] [id=15392]
  0x000001ebad553920 GCTaskThread "GC Thread#7" [stack: 0x0000000cf5300000,0x0000000cf5400000] [id=8736]
  0x000001eb8f9df570 ConcurrentGCThread "G1 Main Marker" [stack: 0x0000000cf3900000,0x0000000cf3a00000] [id=16628]
  0x000001eb8f9dff80 ConcurrentGCThread "G1 Conc#0" [stack: 0x0000000cf3a00000,0x0000000cf3b00000] [id=20492]
  0x000001ebad800720 ConcurrentGCThread "G1 Conc#1" [stack: 0x0000000cf5100000,0x0000000cf5200000] [id=17500]
  0x000001eb8fa2f830 ConcurrentGCThread "G1 Refine#0" [stack: 0x0000000cf3b00000,0x0000000cf3c00000] [id=1780]
  0x000001eb8fa31260 ConcurrentGCThread "G1 Service" [stack: 0x0000000cf3c00000,0x0000000cf3d00000] [id=19372]

Threads with active compile tasks:

VM state: at safepoint (normal execution)

VM Mutex/Monitor currently owned by a thread:  ([mutex/lock_event])
[0x000001eb8f996cc0] Threads_lock - owner thread: 0x000001ebab354cb0
[0x000001eb8f997650] Heap_lock - owner thread: 0x000001ebb0bd21a0

Heap address: 0x00000000c3000000, size: 976 MB, Compressed Oops mode: 32-bit

CDS archive(s) mapped at: [0x0000000800000000-0x0000000800bd0000-0x0000000800bd0000), size 12386304, SharedBaseAddress: 0x0000000800000000, ArchiveRelocationMode: 0.
Compressed class space mapped at: 0x0000000800c00000-0x0000000840c00000, reserved size: 1073741824
Narrow klass base: 0x0000000800000000, Narrow klass shift: 0, Narrow klass range: 0x100000000

GC Precious Log:
 CPUs: 8 total, 8 available
 Memory: 3899M
 Large Page Support: Disabled
 NUMA Support: Disabled
 Compressed Oops: Enabled (32-bit)
 Heap Region Size: 1M
 Heap Min Capacity: 8M
 Heap Initial Capacity: 62M
 Heap Max Capacity: 976M
 Pre-touch: Disabled
 Parallel Workers: 8
 Concurrent Workers: 2
 Concurrent Refinement Workers: 8
 Periodic GC: Disabled

Heap:
 garbage-first heap   total 66560K, used 37756K [0x00000000c3000000, 0x0000000100000000)
  region size 1024K, 1 young (1024K), 1 survivors (1024K)
 Metaspace       used 86805K, committed 87424K, reserved 1130496K
  class space    used 12189K, committed 12480K, reserved 1048576K

Heap Regions: E=young(eden), S=young(survivor), O=old, HS=humongous(starts), HC=humongous(continues), CS=collection set, F=free, OA=open archive, CA=closed archive, TAMS=top-at-mark-start (previous, next)
|   0|0x00000000c3000000, 0x00000000c3100000, 0x00000000c3100000|100%|HS|  |TAMS 0x00000000c3100000, 0x00000000c3000000| Complete 
|   1|0x00000000c3100000, 0x00000000c3200000, 0x00000000c3200000|100%|HS|  |TAMS 0x00000000c3200000, 0x00000000c3100000| Complete 
|   2|0x00000000c3200000, 0x00000000c3300000, 0x00000000c3300000|100%| O|  |TAMS 0x00000000c3300000, 0x00000000c3200000| Untracked 
|   3|0x00000000c3300000, 0x00000000c3400000, 0x00000000c3400000|100%| O|  |TAMS 0x00000000c3400000, 0x00000000c3300000| Untracked 
|   4|0x00000000c3400000, 0x00000000c3500000, 0x00000000c3500000|100%| O|  |TAMS 0x00000000c3500000, 0x00000000c3400000| Untracked 
|   5|0x00000000c3500000, 0x00000000c3600000, 0x00000000c3600000|100%| O|  |TAMS 0x00000000c3600000, 0x00000000c3500000| Untracked 
|   6|0x00000000c3600000, 0x00000000c3700000, 0x00000000c3700000|100%| O|  |TAMS 0x00000000c3700000, 0x00000000c3600000| Untracked 
|   7|0x00000000c3700000, 0x00000000c3800000, 0x00000000c3800000|100%| O|  |TAMS 0x00000000c3800000, 0x00000000c3700000| Untracked 
|   8|0x00000000c3800000, 0x00000000c3900000, 0x00000000c3900000|100%| O|  |TAMS 0x00000000c3900000, 0x00000000c3800000| Untracked 
|   9|0x00000000c3900000, 0x00000000c3a00000, 0x00000000c3a00000|100%| O|  |TAMS 0x00000000c3a00000, 0x00000000c3900000| Untracked 
|  10|0x00000000c3a00000, 0x00000000c3b00000, 0x00000000c3b00000|100%| O|  |TAMS 0x00000000c3b00000, 0x00000000c3a00000| Untracked 
|  11|0x00000000c3b00000, 0x00000000c3b00000, 0x00000000c3c00000|  0%| F|  |TAMS 0x00000000c3b00000, 0x00000000c3b00000| Untracked 
|  12|0x00000000c3c00000, 0x00000000c3d00000, 0x00000000c3d00000|100%| O|  |TAMS 0x00000000c3d00000, 0x00000000c3c00000| Untracked 
|  13|0x00000000c3d00000, 0x00000000c3e00000, 0x00000000c3e00000|100%| O|  |TAMS 0x00000000c3e00000, 0x00000000c3d00000| Untracked 
|  14|0x00000000c3e00000, 0x00000000c3f00000, 0x00000000c3f00000|100%| O|  |TAMS 0x00000000c3f00000, 0x00000000c3e00000| Untracked 
|  15|0x00000000c3f00000, 0x00000000c4000000, 0x00000000c4000000|100%| O|  |TAMS 0x00000000c4000000, 0x00000000c3f00000| Untracked 
|  16|0x00000000c4000000, 0x00000000c4100000, 0x00000000c4100000|100%| O|  |TAMS 0x00000000c4100000, 0x00000000c4000000| Untracked 
|  17|0x00000000c4100000, 0x00000000c4200000, 0x00000000c4200000|100%| O|  |TAMS 0x00000000c4200000, 0x00000000c4100000| Untracked 
|  18|0x00000000c4200000, 0x00000000c4300000, 0x00000000c4300000|100%| O|  |TAMS 0x00000000c4300000, 0x00000000c4200000| Untracked 
|  19|0x00000000c4300000, 0x00000000c4400000, 0x00000000c4400000|100%| O|  |TAMS 0x00000000c4400000, 0x00000000c4300000| Untracked 
|  20|0x00000000c4400000, 0x00000000c4500000, 0x00000000c4500000|100%| O|  |TAMS 0x00000000c4500000, 0x00000000c4400000| Untracked 
|  21|0x00000000c4500000, 0x00000000c4600000, 0x00000000c4600000|100%| O|  |TAMS 0x00000000c4600000, 0x00000000c4500000| Untracked 
|  22|0x00000000c4600000, 0x00000000c4700000, 0x00000000c4700000|100%| O|  |TAMS 0x00000000c4700000, 0x00000000c4600000| Untracked 
|  23|0x00000000c4700000, 0x00000000c4800000, 0x00000000c4800000|100%| O|  |TAMS 0x00000000c4800000, 0x00000000c4700000| Untracked 
|  24|0x00000000c4800000, 0x00000000c4900000, 0x00000000c4900000|100%| O|  |TAMS 0x00000000c4900000, 0x00000000c4800000| Untracked 
|  25|0x00000000c4900000, 0x00000000c4a00000, 0x00000000c4a00000|100%| O|  |TAMS 0x00000000c4a00000, 0x00000000c4900000| Untracked 
|  26|0x00000000c4a00000, 0x00000000c4b00000, 0x00000000c4b00000|100%| O|  |TAMS 0x00000000c4b00000, 0x00000000c4a00000| Untracked 
|  27|0x00000000c4b00000, 0x00000000c4c00000, 0x00000000c4c00000|100%| O|  |TAMS 0x00000000c4c00000, 0x00000000c4b00000| Untracked 
|  28|0x00000000c4c00000, 0x00000000c4d00000, 0x00000000c4d00000|100%| O|  |TAMS 0x00000000c4d00000, 0x00000000c4c00000| Untracked 
|  29|0x00000000c4d00000, 0x00000000c4e00000, 0x00000000c4e00000|100%| O|  |TAMS 0x00000000c4e00000, 0x00000000c4d00000| Untracked 
|  30|0x00000000c4e00000, 0x00000000c4f00000, 0x00000000c4f00000|100%| O|  |TAMS 0x00000000c4f00000, 0x00000000c4e00000| Untracked 
|  31|0x00000000c4f00000, 0x00000000c5000000, 0x00000000c5000000|100%| O|  |TAMS 0x00000000c4f0bc00, 0x00000000c4f00000| Untracked 
|  32|0x00000000c5000000, 0x00000000c5100000, 0x00000000c5100000|100%| O|  |TAMS 0x00000000c5000000, 0x00000000c5000000| Untracked 
|  33|0x00000000c5100000, 0x00000000c5200000, 0x00000000c5200000|100%| O|  |TAMS 0x00000000c5100000, 0x00000000c5100000| Untracked 
|  34|0x00000000c5200000, 0x00000000c5300000, 0x00000000c5300000|100%| O|  |TAMS 0x00000000c5200000, 0x00000000c5200000| Untracked 
|  35|0x00000000c5300000, 0x00000000c5400000, 0x00000000c5400000|100%| O|  |TAMS 0x00000000c5300000, 0x00000000c5300000| Untracked 
|  36|0x00000000c5400000, 0x00000000c5500000, 0x00000000c5500000|100%| O|  |TAMS 0x00000000c5400000, 0x00000000c5400000| Untracked 
|  37|0x00000000c5500000, 0x00000000c5572c00, 0x00000000c5600000| 44%| O|  |TAMS 0x00000000c5500000, 0x00000000c5500000| Untracked 
|  38|0x00000000c5600000, 0x00000000c5600000, 0x00000000c5700000|  0%| F|  |TAMS 0x00000000c5600000, 0x00000000c5600000| Untracked 
|  39|0x00000000c5700000, 0x00000000c5700000, 0x00000000c5800000|  0%| F|  |TAMS 0x00000000c5700000, 0x00000000c5700000| Untracked 
|  40|0x00000000c5800000, 0x00000000c5800000, 0x00000000c5900000|  0%| F|  |TAMS 0x00000000c5800000, 0x00000000c5800000| Untracked 
|  41|0x00000000c5900000, 0x00000000c5900000, 0x00000000c5a00000|  0%| F|  |TAMS 0x00000000c5900000, 0x00000000c5900000| Untracked 
|  42|0x00000000c5a00000, 0x00000000c5a00000, 0x00000000c5b00000|  0%| F|  |TAMS 0x00000000c5a00000, 0x00000000c5a00000| Untracked 
|  43|0x00000000c5b00000, 0x00000000c5b00000, 0x00000000c5c00000|  0%| F|  |TAMS 0x00000000c5b00000, 0x00000000c5b00000| Untracked 
|  44|0x00000000c5c00000, 0x00000000c5c00000, 0x00000000c5d00000|  0%| F|  |TAMS 0x00000000c5c00000, 0x00000000c5c00000| Untracked 
|  45|0x00000000c5d00000, 0x00000000c5d00000, 0x00000000c5e00000|  0%| F|  |TAMS 0x00000000c5d00000, 0x00000000c5d00000| Untracked 
|  46|0x00000000c5e00000, 0x00000000c5e00000, 0x00000000c5f00000|  0%| F|  |TAMS 0x00000000c5e00000, 0x00000000c5e00000| Untracked 
|  47|0x00000000c5f00000, 0x00000000c5f00000, 0x00000000c6000000|  0%| F|  |TAMS 0x00000000c5f00000, 0x00000000c5f00000| Untracked 
|  48|0x00000000c6000000, 0x00000000c6000000, 0x00000000c6100000|  0%| F|  |TAMS 0x00000000c6000000, 0x00000000c6000000| Untracked 
|  49|0x00000000c6100000, 0x00000000c6100000, 0x00000000c6200000|  0%| F|  |TAMS 0x00000000c6100000, 0x00000000c6100000| Untracked 
|  50|0x00000000c6200000, 0x00000000c6200000, 0x00000000c6300000|  0%| F|  |TAMS 0x00000000c6200000, 0x00000000c6200000| Untracked 
|  51|0x00000000c6300000, 0x00000000c6300000, 0x00000000c6400000|  0%| F|  |TAMS 0x00000000c6300000, 0x00000000c6300000| Untracked 
|  52|0x00000000c6400000, 0x00000000c6400000, 0x00000000c6500000|  0%| F|  |TAMS 0x00000000c6400000, 0x00000000c6400000| Untracked 
|  53|0x00000000c6500000, 0x00000000c6500000, 0x00000000c6600000|  0%| F|  |TAMS 0x00000000c6500000, 0x00000000c6500000| Untracked 
|  54|0x00000000c6600000, 0x00000000c6600000, 0x00000000c6700000|  0%| F|  |TAMS 0x00000000c6600000, 0x00000000c6600000| Untracked 
|  55|0x00000000c6700000, 0x00000000c6700000, 0x00000000c6800000|  0%| F|  |TAMS 0x00000000c6700000, 0x00000000c6700000| Untracked 
|  56|0x00000000c6800000, 0x00000000c6800000, 0x00000000c6900000|  0%| F|  |TAMS 0x00000000c6800000, 0x00000000c6800000| Untracked 
|  57|0x00000000c6900000, 0x00000000c6900000, 0x00000000c6a00000|  0%| F|  |TAMS 0x00000000c6900000, 0x00000000c6900000| Untracked 
|  58|0x00000000c6a00000, 0x00000000c6a00000, 0x00000000c6b00000|  0%| F|  |TAMS 0x00000000c6a00000, 0x00000000c6a00000| Untracked 
|  59|0x00000000c6b00000, 0x00000000c6b00000, 0x00000000c6c00000|  0%| F|  |TAMS 0x00000000c6b00000, 0x00000000c6b00000| Untracked 
|  60|0x00000000c6c00000, 0x00000000c6c00000, 0x00000000c6d00000|  0%| F|  |TAMS 0x00000000c6c00000, 0x00000000c6c00000| Untracked 
|  61|0x00000000c6d00000, 0x00000000c6d00000, 0x00000000c6e00000|  0%| F|  |TAMS 0x00000000c6d00000, 0x00000000c6d00000| Untracked 
|  62|0x00000000c6e00000, 0x00000000c6e00000, 0x00000000c6f00000|  0%| F|  |TAMS 0x00000000c6e00000, 0x00000000c6e00000| Untracked 
|  63|0x00000000c6f00000, 0x00000000c6f6c480, 0x00000000c7000000| 42%| S|CS|TAMS 0x00000000c6f00000, 0x00000000c6f00000| Complete 
|  64|0x00000000c7000000, 0x00000000c7000000, 0x00000000c7100000|  0%| F|  |TAMS 0x00000000c7000000, 0x00000000c7000000| Untracked 

Card table byte_map: [0x000001eba6720000,0x000001eba6910000] _byte_map_base: 0x000001eba6108000

Marking Bits (Prev, Next): (CMBitMap*) 0x000001eb8f9d7240, (CMBitMap*) 0x000001eb8f9d7280
 Prev Bits: [0x000001eba6b00000, 0x000001eba7a40000)
 Next Bits: [0x000001eba7a40000, 0x000001eba8980000)

Polling page: 0x000001eb8d930000

Metaspace:

Usage:
  Non-class:     72.87 MB used.
      Class:     11.90 MB used.
       Both:     84.77 MB used.

Virtual space:
  Non-class space:       80.00 MB reserved,      73.19 MB ( 91%) committed,  10 nodes.
      Class space:        1.00 GB reserved,      12.19 MB (  1%) committed,  1 nodes.
             Both:        1.08 GB reserved,      85.38 MB (  8%) committed. 

Chunk freelists:
   Non-Class:  2.82 MB
       Class:  3.84 MB
        Both:  6.66 MB

MaxMetaspaceSize: unlimited
CompressedClassSpaceSize: 1.00 GB
Initial GC threshold: 21.00 MB
Current GC threshold: 133.56 MB
CDS: on
MetaspaceReclaimPolicy: balanced
 - commit_granule_bytes: 65536.
 - commit_granule_words: 8192.
 - virtual_space_node_default_size: 1048576.
 - enlarge_chunks_in_place: 1.
 - new_chunks_are_fully_committed: 0.
 - uncommit_free_chunks: 1.
 - use_allocation_guard: 0.
 - handle_deallocations: 1.


Internal statistics:

num_allocs_failed_limit: 9.
num_arena_births: 926.
num_arena_deaths: 0.
num_vsnodes_births: 11.
num_vsnodes_deaths: 0.
num_space_committed: 1366.
num_space_uncommitted: 0.
num_chunks_returned_to_freelist: 9.
num_chunks_taken_from_freelist: 3994.
num_chunk_merges: 9.
num_chunk_splits: 2993.
num_chunks_enlarged: 2403.
num_purges: 0.
num_inconsistent_stats: 0.

CodeHeap 'non-profiled nmethods': size=120000Kb used=3950Kb max_used=3950Kb free=116049Kb
 bounds [0x000001eb9ecd0000, 0x000001eb9f0b0000, 0x000001eba6200000]
CodeHeap 'profiled nmethods': size=120000Kb used=10060Kb max_used=10830Kb free=109939Kb
 bounds [0x000001eb97200000, 0x000001eb97ca0000, 0x000001eb9e730000]
CodeHeap 'non-nmethods': size=5760Kb used=1415Kb max_used=1485Kb free=4344Kb
 bounds [0x000001eb9e730000, 0x000001eb9e9a0000, 0x000001eb9ecd0000]
 total_blobs=6498 nmethods=5735 adapters=675
 compilation: enabled
              stopped_count=0, restarted_count=0
 full_count=0

Compilation events (20 events):
Event: 181.056 Thread 0x000001ebab37c2f0 nmethod 6701 0x000001eb9722db10 code [0x000001eb9722dd00, 0x000001eb9722e368]
Event: 181.058 Thread 0x000001ebab370340 nmethod 6680 0x000001eb9f0a4590 code [0x000001eb9f0a4700, 0x000001eb9f0a48b8]
Event: 181.058 Thread 0x000001ebab370340 6681       4       sun.net.util.URLUtil::urlNoFragString (114 bytes)
Event: 181.078 Thread 0x000001ebab37c2f0 6702       3       java.lang.StringCoding::hasNegatives (25 bytes)
Event: 181.078 Thread 0x000001ebab37c2f0 nmethod 6702 0x000001eb9722d610 code [0x000001eb9722d7c0, 0x000001eb9722d9f8]
Event: 181.169 Thread 0x000001ebab37c2f0 6705       3       java.lang.String::substring (58 bytes)
Event: 181.171 Thread 0x000001ebab37c2f0 nmethod 6705 0x000001eb9722cd90 code [0x000001eb9722cf80, 0x000001eb9722d428]
Event: 181.258 Thread 0x000001ebab370340 nmethod 6681 0x000001eb9f0a4910 code [0x000001eb9f0a4be0, 0x000001eb9f0a70c0]
Event: 181.258 Thread 0x000001ebab370340 6704       4       java.lang.String::toLowerCase (8 bytes)
Event: 181.323 Thread 0x000001ebab370340 nmethod 6704 0x000001eb9f0a8490 code [0x000001eb9f0a8660, 0x000001eb9f0a8fd8]
Event: 181.323 Thread 0x000001ebab370340 6684       4       java.util.concurrent.CopyOnWriteArrayList::size (6 bytes)
Event: 181.324 Thread 0x000001ebab370340 nmethod 6684 0x000001eb9f0a9490 code [0x000001eb9f0a9600, 0x000001eb9f0a9698]
Event: 181.324 Thread 0x000001ebab370340 6706       4       jdk.internal.ref.PhantomCleanable::clean (16 bytes)
Event: 181.337 Thread 0x000001ebab370340 nmethod 6706 0x000001eb9f0a9790 code [0x000001eb9f0a9920, 0x000001eb9f0a9ec8]
Event: 181.337 Thread 0x000001ebab370340 6677       4       java.net.URL::getDefaultPort (8 bytes)
Event: 181.339 Thread 0x000001ebab370340 nmethod 6677 0x000001eb9f0aa090 code [0x000001eb9f0aa220, 0x000001eb9f0aa2d8]
Event: 181.339 Thread 0x000001ebab370340 6703       4       java.util.stream.AbstractPipeline::<init> (91 bytes)
Event: 181.348 Thread 0x000001ebab370340 nmethod 6703 0x000001eb9f0aa390 code [0x000001eb9f0aa520, 0x000001eb9f0aa958]
Event: 181.348 Thread 0x000001ebab370340 6707       4       sun.invoke.util.VerifyAccess::isMemberAccessible (338 bytes)
Event: 181.354 Thread 0x000001ebab370340 nmethod 6707 0x000001eb9f0aaa90 code [0x000001eb9f0aac60, 0x000001eb9f0aaf90]

GC Heap History (20 events):
Event: 13.747 GC heap after
{Heap after GC invocations=21 (full 0):
 garbage-first heap   total 55296K, used 28503K [0x00000000c3000000, 0x0000000100000000)
  region size 1024K, 3 young (3072K), 3 survivors (3072K)
 Metaspace       used 67633K, committed 68224K, reserved 1114112K
  class space    used 9374K, committed 9664K, reserved 1048576K
}
Event: 14.357 GC heap before
{Heap before GC invocations=22 (full 0):
 garbage-first heap   total 55296K, used 43863K [0x00000000c3000000, 0x0000000100000000)
  region size 1024K, 19 young (19456K), 3 survivors (3072K)
 Metaspace       used 69902K, committed 70464K, reserved 1114112K
  class space    used 9850K, committed 10112K, reserved 1048576K
}
Event: 14.365 GC heap after
{Heap after GC invocations=23 (full 0):
 garbage-first heap   total 55296K, used 29931K [0x00000000c3000000, 0x0000000100000000)
  region size 1024K, 2 young (2048K), 2 survivors (2048K)
 Metaspace       used 69902K, committed 70464K, reserved 1114112K
  class space    used 9850K, committed 10112K, reserved 1048576K
}
Event: 14.461 GC heap before
{Heap before GC invocations=23 (full 0):
 garbage-first heap   total 55296K, used 44267K [0x00000000c3000000, 0x0000000100000000)
  region size 1024K, 16 young (16384K), 2 survivors (2048K)
 Metaspace       used 69954K, committed 70528K, reserved 1114112K
  class space    used 9855K, committed 10112K, reserved 1048576K
}
Event: 14.464 GC heap after
{Heap after GC invocations=24 (full 0):
 garbage-first heap   total 55296K, used 30326K [0x00000000c3000000, 0x0000000100000000)
  region size 1024K, 1 young (1024K), 1 survivors (1024K)
 Metaspace       used 69954K, committed 70528K, reserved 1114112K
  class space    used 9855K, committed 10112K, reserved 1048576K
}
Event: 14.642 GC heap before
{Heap before GC invocations=25 (full 0):
 garbage-first heap   total 65536K, used 43638K [0x00000000c3000000, 0x0000000100000000)
  region size 1024K, 15 young (15360K), 1 survivors (1024K)
 Metaspace       used 70425K, committed 71040K, reserved 1114112K
  class space    used 9899K, committed 10176K, reserved 1048576K
}
Event: 14.644 GC heap after
{Heap after GC invocations=26 (full 0):
 garbage-first heap   total 65536K, used 30426K [0x00000000c3000000, 0x0000000100000000)
  region size 1024K, 1 young (1024K), 1 survivors (1024K)
 Metaspace       used 70425K, committed 71040K, reserved 1114112K
  class space    used 9899K, committed 10176K, reserved 1048576K
}
Event: 15.005 GC heap before
{Heap before GC invocations=26 (full 0):
 garbage-first heap   total 65536K, used 52954K [0x00000000c3000000, 0x0000000100000000)
  region size 1024K, 23 young (23552K), 1 survivors (1024K)
 Metaspace       used 71731K, committed 72320K, reserved 1114112K
  class space    used 10229K, committed 10496K, reserved 1048576K
}
Event: 15.008 GC heap after
{Heap after GC invocations=27 (full 0):
 garbage-first heap   total 65536K, used 31482K [0x00000000c3000000, 0x0000000100000000)
  region size 1024K, 2 young (2048K), 2 survivors (2048K)
 Metaspace       used 71731K, committed 72320K, reserved 1114112K
  class space    used 10229K, committed 10496K, reserved 1048576K
}
Event: 15.209 GC heap before
{Heap before GC invocations=28 (full 0):
 garbage-first heap   total 65536K, used 52986K [0x00000000c3000000, 0x0000000100000000)
  region size 1024K, 23 young (23552K), 2 survivors (2048K)
 Metaspace       used 71743K, committed 72320K, reserved 1114112K
  class space    used 10229K, committed 10496K, reserved 1048576K
}
Event: 15.214 GC heap after
{Heap after GC invocations=29 (full 0):
 garbage-first heap   total 65536K, used 32471K [0x00000000c3000000, 0x0000000100000000)
  region size 1024K, 3 young (3072K), 3 survivors (3072K)
 Metaspace       used 71743K, committed 72320K, reserved 1114112K
  class space    used 10229K, committed 10496K, reserved 1048576K
}
Event: 15.801 GC heap before
{Heap before GC invocations=29 (full 0):
 garbage-first heap   total 65536K, used 51927K [0x00000000c3000000, 0x0000000100000000)
  region size 1024K, 23 young (23552K), 3 survivors (3072K)
 Metaspace       used 74465K, committed 75072K, reserved 1114112K
  class space    used 10591K, committed 10880K, reserved 1048576K
}
Event: 15.807 GC heap after
{Heap after GC invocations=30 (full 0):
 garbage-first heap   total 65536K, used 33199K [0x00000000c3000000, 0x0000000100000000)
  region size 1024K, 2 young (2048K), 2 survivors (2048K)
 Metaspace       used 74465K, committed 75072K, reserved 1114112K
  class space    used 10591K, committed 10880K, reserved 1048576K
}
Event: 50.780 GC heap before
{Heap before GC invocations=31 (full 0):
 garbage-first heap   total 65536K, used 52655K [0x00000000c3000000, 0x0000000100000000)
  region size 1024K, 22 young (22528K), 2 survivors (2048K)
 Metaspace       used 76981K, committed 77632K, reserved 1122304K
  class space    used 10930K, committed 11200K, reserved 1048576K
}
Event: 50.796 GC heap after
{Heap after GC invocations=32 (full 0):
 garbage-first heap   total 65536K, used 34754K [0x00000000c3000000, 0x0000000100000000)
  region size 1024K, 3 young (3072K), 3 survivors (3072K)
 Metaspace       used 76981K, committed 77632K, reserved 1122304K
  class space    used 10930K, committed 11200K, reserved 1048576K
}
Event: 178.481 GC heap before
{Heap before GC invocations=32 (full 0):
 garbage-first heap   total 65536K, used 52162K [0x00000000c3000000, 0x0000000100000000)
  region size 1024K, 21 young (21504K), 3 survivors (3072K)
 Metaspace       used 80856K, committed 81472K, reserved 1122304K
  class space    used 11457K, committed 11776K, reserved 1048576K
}
Event: 178.522 GC heap after
{Heap after GC invocations=33 (full 0):
 garbage-first heap   total 65536K, used 36061K [0x00000000c3000000, 0x0000000100000000)
  region size 1024K, 2 young (2048K), 2 survivors (2048K)
 Metaspace       used 80856K, committed 81472K, reserved 1122304K
  class space    used 11457K, committed 11776K, reserved 1048576K
}
Event: 181.292 GC heap before
{Heap before GC invocations=34 (full 0):
 garbage-first heap   total 66560K, used 52445K [0x00000000c3000000, 0x0000000100000000)
  region size 1024K, 19 young (19456K), 2 survivors (2048K)
 Metaspace       used 86594K, committed 87296K, reserved 1130496K
  class space    used 12159K, committed 12480K, reserved 1048576K
}
Event: 181.321 GC heap after
{Heap after GC invocations=35 (full 0):
 garbage-first heap   total 66560K, used 37721K [0x00000000c3000000, 0x0000000100000000)
  region size 1024K, 3 young (3072K), 3 survivors (3072K)
 Metaspace       used 86594K, committed 87296K, reserved 1130496K
  class space    used 12159K, committed 12480K, reserved 1048576K
}
Event: 181.408 GC heap before
{Heap before GC invocations=35 (full 0):
 garbage-first heap   total 66560K, used 38745K [0x00000000c3000000, 0x0000000100000000)
  region size 1024K, 4 young (4096K), 3 survivors (3072K)
 Metaspace       used 86805K, committed 87424K, reserved 1130496K
  class space    used 12189K, committed 12480K, reserved 1048576K
}

Deoptimization events (20 events):
Event: 180.005 Thread 0x000001ebb0bd21a0 Uncommon trap: trap_request=0xffffff45 fr.pc=0x000001eb9ef63ce4 relative=0x00000000000008a4
Event: 180.005 Thread 0x000001ebb0bd21a0 Uncommon trap: reason=unstable_if action=reinterpret pc=0x000001eb9ef63ce4 method=java.lang.Integer.stringSize(I)I @ 19 c2
Event: 180.005 Thread 0x000001ebb0bd21a0 DEOPT PACKING pc=0x000001eb9ef63ce4 sp=0x0000000cf5cfc5f0
Event: 180.005 Thread 0x000001ebb0bd21a0 DEOPT UNPACKING pc=0x000001eb9e7823a3 sp=0x0000000cf5cfc4e0 mode 2
Event: 181.035 Thread 0x000001ebb0bd21a0 Uncommon trap: trap_request=0xffffff45 fr.pc=0x000001eb9ece7314 relative=0x0000000000000194
Event: 181.035 Thread 0x000001ebb0bd21a0 Uncommon trap: reason=unstable_if action=reinterpret pc=0x000001eb9ece7314 method=java.lang.StringCoding.hasNegatives([BII)Z @ 12 c2
Event: 181.035 Thread 0x000001ebb0bd21a0 DEOPT PACKING pc=0x000001eb9ece7314 sp=0x0000000cf5cfbb60
Event: 181.035 Thread 0x000001ebb0bd21a0 DEOPT UNPACKING pc=0x000001eb9e7823a3 sp=0x0000000cf5cfbaf0 mode 2
Event: 181.053 Thread 0x000001ebb0bd21a0 Uncommon trap: trap_request=0xffffff45 fr.pc=0x000001eb9ef5cf6c relative=0x00000000000004cc
Event: 181.053 Thread 0x000001ebb0bd21a0 Uncommon trap: reason=unstable_if action=reinterpret pc=0x000001eb9ef5cf6c method=java.lang.StringUTF16.compress([CII)[B @ 13 c2
Event: 181.053 Thread 0x000001ebb0bd21a0 DEOPT PACKING pc=0x000001eb9ef5cf6c sp=0x0000000cf5cfc220
Event: 181.053 Thread 0x000001ebb0bd21a0 DEOPT UNPACKING pc=0x000001eb9e7823a3 sp=0x0000000cf5cfc0e8 mode 2
Event: 181.054 Thread 0x000001ebb0bd21a0 Uncommon trap: trap_request=0xffffff45 fr.pc=0x000001eb9ed1e254 relative=0x0000000000000154
Event: 181.054 Thread 0x000001ebb0bd21a0 Uncommon trap: reason=unstable_if action=reinterpret pc=0x000001eb9ed1e254 method=java.lang.String.indexOf(II)I @ 4 c2
Event: 181.054 Thread 0x000001ebb0bd21a0 DEOPT PACKING pc=0x000001eb9ed1e254 sp=0x0000000cf5cfc390
Event: 181.054 Thread 0x000001ebb0bd21a0 DEOPT UNPACKING pc=0x000001eb9e7823a3 sp=0x0000000cf5cfc2c0 mode 2
Event: 181.054 Thread 0x000001ebb0bd21a0 Uncommon trap: trap_request=0xffffff45 fr.pc=0x000001eb9ed2f7fc relative=0x00000000000004dc
Event: 181.054 Thread 0x000001ebb0bd21a0 Uncommon trap: reason=unstable_if action=reinterpret pc=0x000001eb9ed2f7fc method=java.lang.String.substring(II)Ljava/lang/String; @ 31 c2
Event: 181.054 Thread 0x000001ebb0bd21a0 DEOPT PACKING pc=0x000001eb9ed2f7fc sp=0x0000000cf5cfc350
Event: 181.054 Thread 0x000001ebb0bd21a0 DEOPT UNPACKING pc=0x000001eb9e7823a3 sp=0x0000000cf5cfc320 mode 2

Classes unloaded (0 events):
No events

Classes redefined (0 events):
No events

Internal exceptions (20 events):
Event: 15.935 Thread 0x000001ebace67710 Exception <a 'java/lang/IncompatibleClassChangeError'{0x00000000c6c0b750}: Found class java.lang.Object, but interface was expected> (0x00000000c6c0b750) 
thrown [s\open\src\hotspot\share\interpreter\linkResolver.cpp, line 826]
Event: 16.018 Thread 0x000001ebace67710 Exception <a 'java/lang/NoSuchMethodError'{0x00000000c6bc5200}: 'void java.lang.invoke.DirectMethodHandle$Holder.invokeVirtual(java.lang.Object, java.lang.Object, long)'> (0x00000000c6bc5200) 
thrown [s\open\src\hotspot\share\interpreter\linkResolver.cpp, line 759]
Event: 16.088 Thread 0x000001ebace67710 Exception <a 'java/lang/NoSuchMethodError'{0x00000000c684e6b0}: 'int java.lang.invoke.DirectMethodHandle$Holder.invokeStaticInit(java.lang.Object, java.lang.Object, java.lang.Object, java.lang.Object)'> (0x00000000c684e6b0) 
thrown [s\open\src\hotspot\share\interpreter\linkResolver.cpp, line 759]
Event: 16.132 Thread 0x000001ebace67710 Exception <a 'java/lang/NoSuchMethodError'{0x00000000c67a68c0}: 'java.lang.Object java.lang.invoke.Invokers$Holder.invoke_MT(java.lang.Object, java.lang.Object, java.lang.Object, java.lang.Object, java.lang.Object, java.lang.Object, java.lang.Object, java.lang.Object, java.lang.Object)'> (0x00000000c67a68c0) 
thrown [s\open\src\hotspot\share\interpreter\linkResolver.cpp, line 759]
Event: 16.159 Thread 0x000001ebace67710 Exception <a 'java/lang/IncompatibleClassChangeError'{0x00000000c6658678}: Found class java.lang.Object, but interface was expected> (0x00000000c6658678) 
thrown [s\open\src\hotspot\share\interpreter\linkResolver.cpp, line 826]
Event: 16.173 Thread 0x000001ebace67710 Implicit null exception at 0x000001eb9ee214e0 to 0x000001eb9ee2172c
Event: 16.204 Thread 0x000001ebace67710 Exception <a 'java/lang/NoSuchMethodError'{0x00000000c65d9288}: 'java.lang.Object java.lang.invoke.DirectMethodHandle$Holder.invokeSpecial(java.lang.Object, java.lang.Object, java.lang.Object, java.lang.Object, java.lang.Object, java.lang.Object, java.lang.Object, java.lang.Object, java.lang.Object, java.lang.Object, java.lang.Object)'> (0x00000000c65d9288) 
thrown [s\open\src\hotspot\share\interpreter\linkResolver.cpp, line 759]
Event: 16.204 Thread 0x000001ebace67710 Exception <a 'java/lang/NoSuchMethodError'{0x00000000c65dd6b8}: 'java.lang.Object java.lang.invoke.Invokers$Holder.invoke_MT(java.lang.Object, java.lang.Object, java.lang.Object, java.lang.Object, java.lang.Object, java.lang.Object, java.lang.Object, java.lang.Object, java.lang.Object, java.lang.Object, java.lang.Object)'> (0x00000000c65dd6b8) 
thrown [s\open\src\hotspot\share\interpreter\linkResolver.cpp, line 759]
Event: 16.284 Thread 0x000001ebace67710 Exception <a 'java/lang/IncompatibleClassChangeError'{0x00000000c6217170}: Found class java.lang.Object, but interface was expected> (0x00000000c6217170) 
thrown [s\open\src\hotspot\share\interpreter\linkResolver.cpp, line 826]
Event: 16.364 Thread 0x000001ebace67710 Exception <a 'java/lang/NoSuchMethodError'{0x00000000c61e7d30}: 'java.lang.Object java.lang.invoke.DirectMethodHandle$Holder.newInvokeSpecial(java.lang.Object, java.lang.Object, int, java.lang.Object, java.lang.Object)'> (0x00000000c61e7d30) 
thrown [s\open\src\hotspot\share\interpreter\linkResolver.cpp, line 759]
Event: 175.792 Thread 0x000001ebb0bd1cd0 Exception <a 'java/lang/NoSuchMethodError'{0x00000000c6a45420}: 'java.lang.Object java.lang.invoke.DirectMethodHandle$Holder.invokeSpecial(java.lang.Object, java.lang.Object, java.lang.Object, java.lang.Object, java.lang.Object, long)'> (0x00000000c6a45420) 
thrown [s\open\src\hotspot\share\interpreter\linkResolver.cpp, line 759]
Event: 175.794 Thread 0x000001ebb0bd1cd0 Exception <a 'java/lang/NoSuchMethodError'{0x00000000c6a490c0}: 'java.lang.Object java.lang.invoke.Invokers$Holder.linkToTargetMethod(java.lang.Object, java.lang.Object, java.lang.Object, long, java.lang.Object)'> (0x00000000c6a490c0) 
thrown [s\open\src\hotspot\share\interpreter\linkResolver.cpp, line 759]
Event: 178.287 Thread 0x000001ebb0bd1cd0 Exception <a 'java/lang/NoSuchMethodError'{0x00000000c61ba188}: 'void java.lang.invoke.DirectMethodHandle$Holder.invokeSpecialIFC(java.lang.Object, java.lang.Object, int, java.lang.Object, java.lang.Object, java.lang.Object, java.lang.Object)'> (0x00000000c61ba188) 
thrown [s\open\src\hotspot\share\interpreter\linkResolver.cpp, line 759]
Event: 178.306 Thread 0x000001ebb0bd21a0 Exception <a 'java/lang/NoSuchMethodError'{0x00000000c6004800}: 'java.lang.Object java.lang.invoke.DirectMethodHandle$Holder.invokeInterface(java.lang.Object, java.lang.Object, int)'> (0x00000000c6004800) 
thrown [s\open\src\hotspot\share\interpreter\linkResolver.cpp, line 759]
Event: 179.057 Thread 0x000001ebb0bd21a0 Exception <a 'sun/nio/fs/WindowsException'{0x00000000c6a441b8}> (0x00000000c6a441b8) 
thrown [s\open\src\hotspot\share\prims\jni.cpp, line 516]
Event: 179.825 Thread 0x000001ebb0bd21a0 Exception <a 'java/lang/UnsatisfiedLinkError'{0x00000000c6442bd0}: 'int io.netty.channel.epoll.Native.offsetofEpollData()'> (0x00000000c6442bd0) 
thrown [s\open\src\hotspot\share\prims\nativeLookup.cpp, line 543]
Event: 179.828 Thread 0x000001ebb0bd21a0 Exception <a 'java/lang/ExceptionInInitializerError'{0x00000000c6446a98}> (0x00000000c6446a98) 
thrown [s\open\src\hotspot\share\oops\instanceKlass.cpp, line 1221]
Event: 180.379 Thread 0x000001ebb0bd21a0 Exception <a 'java/io/FileNotFoundException'{0x00000000c61cbb28}> (0x00000000c61cbb28) 
thrown [s\open\src\hotspot\share\prims\jni.cpp, line 516]
Event: 181.115 Thread 0x000001ebb0bd21a0 Exception <a 'sun/nio/fs/WindowsException'{0x00000000c6067780}> (0x00000000c6067780) 
thrown [s\open\src\hotspot\share\prims\jni.cpp, line 516]
Event: 181.398 Thread 0x000001ebb0bd21a0 Exception <a 'java/lang/NoSuchMethodError'{0x00000000c70e5630}: 'java.lang.Object java.lang.invoke.DirectMethodHandle$Holder.newInvokeSpecial(java.lang.Object, java.lang.Object, long, java.lang.Object)'> (0x00000000c70e5630) 
thrown [s\open\src\hotspot\share\interpreter\linkResolver.cpp, line 759]

VM Operations (20 events):
Event: 178.404 Executing VM operation: Cleanup done
Event: 178.479 Executing VM operation: G1CollectForAllocation
Event: 178.523 Executing VM operation: G1CollectForAllocation done
Event: 178.674 Executing VM operation: G1Concurrent
Event: 178.698 Executing VM operation: G1Concurrent done
Event: 178.739 Executing VM operation: G1Concurrent
Event: 178.739 Executing VM operation: G1Concurrent done
Event: 179.060 Executing VM operation: HandshakeAllThreads
Event: 179.060 Executing VM operation: HandshakeAllThreads done
Event: 179.080 Executing VM operation: HandshakeAllThreads
Event: 179.080 Executing VM operation: HandshakeAllThreads done
Event: 179.896 Executing VM operation: HandshakeAllThreads
Event: 179.896 Executing VM operation: HandshakeAllThreads done
Event: 179.896 Executing VM operation: Cleanup
Event: 179.897 Executing VM operation: Cleanup done
Event: 180.900 Executing VM operation: Cleanup
Event: 180.900 Executing VM operation: Cleanup done
Event: 181.292 Executing VM operation: G1CollectForAllocation
Event: 181.321 Executing VM operation: G1CollectForAllocation done
Event: 181.407 Executing VM operation: G1CollectForAllocation

Events (20 events):
Event: 181.188 loading class sun/net/dns/ResolverConfiguration$Options done
Event: 181.188 loading class sun/net/dns/OptionsImpl done
Event: 181.225 loading class javax/naming/NameParser
Event: 181.226 loading class javax/naming/NameParser done
Event: 181.227 loading class javax/naming/Name
Event: 181.229 loading class javax/naming/Name done
Event: 181.229 loading class javax/naming/OperationNotSupportedException
Event: 181.230 loading class javax/naming/OperationNotSupportedException done
Event: 181.231 loading class javax/naming/directory/Attribute
Event: 181.231 loading class javax/naming/directory/Attribute done
Event: 181.232 loading class javax/naming/directory/Attributes
Event: 181.233 loading class javax/naming/directory/Attributes done
Event: 181.233 loading class javax/naming/directory/InvalidAttributeIdentifierException
Event: 181.233 loading class javax/naming/directory/InvalidAttributeIdentifierException done
Event: 181.235 loading class javax/naming/CompositeName
Event: 181.235 loading class javax/naming/CompositeName done
Event: 181.236 loading class javax/naming/NameImpl
Event: 181.237 loading class javax/naming/NameImpl done
Event: 181.245 loading class java/io/StreamCorruptedException
Event: 181.246 loading class java/io/StreamCorruptedException done


Dynamic libraries:
0x00007ff78d500000 - 0x00007ff78d510000 	C:\Program Files\Java\jdk-17\bin\java.exe
0x00007fff3e4f0000 - 0x00007fff3e707000 	C:\WINDOWS\SYSTEM32\ntdll.dll
0x00007fff3d140000 - 0x00007fff3d204000 	C:\WINDOWS\System32\KERNEL32.DLL
0x00007fff3bc50000 - 0x00007fff3c00a000 	C:\WINDOWS\System32\KERNELBASE.dll
0x00007fff3b7b0000 - 0x00007fff3b8c1000 	C:\WINDOWS\System32\ucrtbase.dll
0x00007fff18b40000 - 0x00007fff18b59000 	C:\Program Files\Java\jdk-17\bin\jli.dll
0x00007fff3e030000 - 0x00007fff3e0e2000 	C:\WINDOWS\System32\ADVAPI32.dll
0x00007fff3c580000 - 0x00007fff3c627000 	C:\WINDOWS\System32\msvcrt.dll
0x00007fff3d820000 - 0x00007fff3d8c7000 	C:\WINDOWS\System32\sechost.dll
0x00007fff19390000 - 0x00007fff193ab000 	C:\Program Files\Java\jdk-17\bin\VCRUNTIME140.dll
0x00007fff3c010000 - 0x00007fff3c038000 	C:\WINDOWS\System32\bcrypt.dll
0x00007fff3dab0000 - 0x00007fff3dbc4000 	C:\WINDOWS\System32\RPCRT4.dll
0x00007fff3e170000 - 0x00007fff3e31e000 	C:\WINDOWS\System32\USER32.dll
0x00007fff3ba40000 - 0x00007fff3ba66000 	C:\WINDOWS\System32\win32u.dll
0x00007fff3d950000 - 0x00007fff3d979000 	C:\WINDOWS\System32\GDI32.dll
0x00007fff3ba70000 - 0x00007fff3bb8b000 	C:\WINDOWS\System32\gdi32full.dll
0x00007fff3c140000 - 0x00007fff3c1da000 	C:\WINDOWS\System32\msvcp_win.dll
0x00007fff15400000 - 0x00007fff15692000 	C:\WINDOWS\WinSxS\amd64_microsoft.windows.common-controls_6595b64144ccf1df_6.0.22621.4541_none_2710d1c57384c085\COMCTL32.dll
0x00007fff36c20000 - 0x00007fff36c2a000 	C:\WINDOWS\SYSTEM32\VERSION.dll
0x00007fff3d9f0000 - 0x00007fff3da21000 	C:\WINDOWS\System32\IMM32.DLL
0x00007fff34d30000 - 0x00007fff34d3c000 	C:\Program Files\Java\jdk-17\bin\vcruntime140_1.dll
0x00007ffefa300000 - 0x00007ffefa38e000 	C:\Program Files\Java\jdk-17\bin\msvcp140.dll
0x00007ffed7b00000 - 0x00007ffed86dd000 	C:\Program Files\Java\jdk-17\bin\server\jvm.dll
0x00007fff3d8d0000 - 0x00007fff3d8d8000 	C:\WINDOWS\System32\PSAPI.DLL
0x00007fff36e20000 - 0x00007fff36e54000 	C:\WINDOWS\SYSTEM32\WINMM.dll
0x00007fff22ab0000 - 0x00007fff22ab9000 	C:\WINDOWS\SYSTEM32\WSOCK32.dll
0x00007fff3e370000 - 0x00007fff3e3e1000 	C:\WINDOWS\System32\WS2_32.dll
0x00007fff3a7b0000 - 0x00007fff3a7c8000 	C:\WINDOWS\SYSTEM32\kernel.appcore.dll
0x00007fff34d10000 - 0x00007fff34d1a000 	C:\Program Files\Java\jdk-17\bin\jimage.dll
0x00007fff39070000 - 0x00007fff392a2000 	C:\WINDOWS\SYSTEM32\DBGHELP.DLL
0x00007fff3c1e0000 - 0x00007fff3c571000 	C:\WINDOWS\System32\combase.dll
0x00007fff3c630000 - 0x00007fff3c707000 	C:\WINDOWS\System32\OLEAUT32.dll
0x00007fff34960000 - 0x00007fff34992000 	C:\WINDOWS\SYSTEM32\dbgcore.DLL
0x00007fff3c040000 - 0x00007fff3c0bb000 	C:\WINDOWS\System32\bcryptPrimitives.dll
0x00007fff0e750000 - 0x00007fff0e775000 	C:\Program Files\Java\jdk-17\bin\java.dll
0x00007ffeef030000 - 0x00007ffeef107000 	C:\Program Files\Java\jdk-17\bin\jsvml.dll
0x00007fff3c710000 - 0x00007fff3cf89000 	C:\WINDOWS\System32\SHELL32.dll
0x00007fff396a0000 - 0x00007fff39fa9000 	C:\WINDOWS\SYSTEM32\windows.storage.dll
0x00007fff39560000 - 0x00007fff3969f000 	C:\WINDOWS\SYSTEM32\wintypes.dll
0x00007fff3d720000 - 0x00007fff3d81a000 	C:\WINDOWS\System32\SHCORE.dll
0x00007fff3da30000 - 0x00007fff3da8e000 	C:\WINDOWS\System32\shlwapi.dll
0x00007fff3b6e0000 - 0x00007fff3b70b000 	C:\WINDOWS\SYSTEM32\profapi.dll
0x00007fff0d580000 - 0x00007fff0d599000 	C:\Program Files\Java\jdk-17\bin\net.dll
0x00007fff36e60000 - 0x00007fff36f96000 	C:\WINDOWS\SYSTEM32\WINHTTP.dll
0x00007fff3ac50000 - 0x00007fff3acb9000 	C:\WINDOWS\system32\mswsock.dll
0x00007fff0d560000 - 0x00007fff0d576000 	C:\Program Files\Java\jdk-17\bin\nio.dll
0x00007fff18b20000 - 0x00007fff18b38000 	C:\Program Files\Java\jdk-17\bin\zip.dll
0x00007fff1ddb0000 - 0x00007fff1ddba000 	C:\Program Files\Java\jdk-17\bin\management.dll
0x00007fff19320000 - 0x00007fff1932b000 	C:\Program Files\Java\jdk-17\bin\management_ext.dll
0x00007fff19010000 - 0x00007fff1901d000 	C:\Program Files\Java\jdk-17\bin\sunmscapi.dll
0x00007fff3b8d0000 - 0x00007fff3ba36000 	C:\WINDOWS\System32\CRYPT32.dll
0x00007fff3b0f0000 - 0x00007fff3b11d000 	C:\WINDOWS\SYSTEM32\ncrypt.dll
0x00007fff3b0b0000 - 0x00007fff3b0e7000 	C:\WINDOWS\SYSTEM32\NTASN1.dll
0x00007fff3aec0000 - 0x00007fff3aedb000 	C:\WINDOWS\SYSTEM32\CRYPTSP.dll
0x00007fff3a710000 - 0x00007fff3a745000 	C:\WINDOWS\system32\rsaenh.dll
0x00007fff3ad60000 - 0x00007fff3ad88000 	C:\WINDOWS\SYSTEM32\USERENV.dll
0x00007fff3aee0000 - 0x00007fff3aeec000 	C:\WINDOWS\SYSTEM32\CRYPTBASE.dll
0x00007fff3a210000 - 0x00007fff3a23d000 	C:\WINDOWS\SYSTEM32\IPHLPAPI.DLL
0x00007fff3dbd0000 - 0x00007fff3dbd9000 	C:\WINDOWS\System32\NSI.dll
0x00007fff36e00000 - 0x00007fff36e19000 	C:\WINDOWS\SYSTEM32\dhcpcsvc6.DLL
0x00007fff36de0000 - 0x00007fff36dff000 	C:\WINDOWS\SYSTEM32\dhcpcsvc.DLL
0x00007fff3a280000 - 0x00007fff3a382000 	C:\WINDOWS\SYSTEM32\DNSAPI.dll
0x00007fff1ddd0000 - 0x00007fff1dde0000 	C:\Program Files\Java\jdk-17\bin\verify.dll
0x00007fff37d60000 - 0x00007fff37d68000 	C:\WINDOWS\system32\wshunix.dll
0x00007fff17890000 - 0x00007fff178a7000 	C:\WINDOWS\system32\napinsp.dll
0x00007fff17820000 - 0x00007fff1783b000 	C:\WINDOWS\system32\pnrpnsp.dll
0x00007fff17870000 - 0x00007fff17881000 	C:\WINDOWS\System32\winrnr.dll
0x00007fff17850000 - 0x00007fff17865000 	C:\WINDOWS\system32\wshbth.dll
0x00007fff156e0000 - 0x00007fff15707000 	C:\WINDOWS\system32\nlansp_c.dll
0x00007fff30e10000 - 0x00007fff30e1a000 	C:\Windows\System32\rasadhlp.dll
0x00007fff34af0000 - 0x00007fff34b73000 	C:\WINDOWS\System32\fwpuclnt.dll

dbghelp: loaded successfully - version: 4.0.5 - missing functions: none
symbol engine: initialized successfully - sym options: 0x614 - pdb path: .;C:\Program Files\Java\jdk-17\bin;C:\WINDOWS\SYSTEM32;C:\WINDOWS\WinSxS\amd64_microsoft.windows.common-controls_6595b64144ccf1df_6.0.22621.4541_none_2710d1c57384c085;C:\Program Files\Java\jdk-17\bin\server

VM Arguments:
jvm_args: -Dfile.encoding=UTF-8 -Duser.country=IN -Duser.language=en -Duser.variant 
java_command: com.aggregator.quoteAggregator.QuoteAggregatorApplication
java_class_path (initial): C:\Users\sushm\Documents\CHARAN\quoteAggregator\build\classes\java\main;C:\Users\sushm\Documents\CHARAN\quoteAggregator\build\resources\main;C:\Users\sushm\.gradle\caches\modules-2\files-2.1\org.springframework.boot\spring-boot-devtools\3.4.2\726c2343705fba19b13ee2bd98997e386408260f\spring-boot-devtools-3.4.2.jar;C:\Users\sushm\.gradle\caches\modules-2\files-2.1\org.springframework.boot\spring-boot-starter-data-jpa\3.4.2\b65a304b493807dff48bf114135dc4aa5f267927\spring-boot-starter-data-jpa-3.4.2.jar;C:\Users\sushm\.gradle\caches\modules-2\files-2.1\org.springframework.boot\spring-boot-starter-web\3.4.2\cf1c8efe77dccf221acf5f0ce9cc24c718c0ca44\spring-boot-starter-web-3.4.2.jar;C:\Users\sushm\.gradle\caches\modules-2\files-2.1\org.springframework.boot\spring-boot-starter-validation\3.4.2\3195ea4da38b902a09bf192361800d4e43940465\spring-boot-starter-validation-3.4.2.jar;C:\Users\sushm\.gradle\caches\modules-2\files-2.1\org.hibernate.orm\hibernate-core\6.6.5.Final\c81deca40ebdb823d9f8a9e5dc5798a6a205626a\hibernate-core-6.6.5.Final.jar;C:\Users\sushm\.gradle\caches\modules-2\files-2.1\jakarta.persistence\jakarta.persistence-api\3.1.0\66901fa1c373c6aff65c13791cc11da72060a8d6\jakarta.persistence-api-3.1.0.jar;C:\Users\sushm\.gradle\caches\modules-2\files-2.1\org.springframework.boot\spring-boot-starter-webflux\3.4.2\3a7046c7291789ff33f724dd58d1ca6a23529ed\spring-boot-starter-webflux-3.4.2.jar;C:\Users\sushm\.gradle\caches\modules-2\files-2.1\com.h2database\h2\2.3.232\4fcc05d966ccdb2812ae8b9a718f69226c0cf4e2\h2-2.3.232.jar;C:\Users\sushm\.gradle\caches\modules-2\files-2.1\org.springframework.boot\spring-boot-starter-jdbc\3.4.2\a3698cab03ba6daaaa38c16df1b36c862e9e3e4b\spring-boot-starter-jdbc-3.4.2.jar;C:\Users\sushm\.gradle\caches\modules-2\files-2.1\org.springframework.boot\spring-boot-starter-json\3.4.2\e413d51228ddaf6a9644533987faa0ae6e18fe47\spring-boot-starter-json-3.4.2.jar;C:\Users\sushm\.gradle\caches\modules-2\files-2.1\org.springframewo
Launcher Type: SUN_STANDARD

[Global flags]
     intx CICompilerCount                          = 4                                         {product} {ergonomic}
     uint ConcGCThreads                            = 2                                         {product} {ergonomic}
     uint G1ConcRefinementThreads                  = 8                                         {product} {ergonomic}
   size_t G1HeapRegionSize                         = 1048576                                   {product} {ergonomic}
    uintx GCDrainStackTargetSize                   = 64                                        {product} {ergonomic}
   size_t InitialHeapSize                          = 65011712                                  {product} {ergonomic}
   size_t MarkStackSize                            = 4194304                                   {product} {ergonomic}
   size_t MaxHeapSize                              = 1023410176                                {product} {ergonomic}
   size_t MaxNewSize                               = 613416960                                 {product} {ergonomic}
   size_t MinHeapDeltaBytes                        = 1048576                                   {product} {ergonomic}
   size_t MinHeapSize                              = 8388608                                   {product} {ergonomic}
    uintx NonNMethodCodeHeapSize                   = 5839372                                {pd product} {ergonomic}
    uintx NonProfiledCodeHeapSize                  = 122909434                              {pd product} {ergonomic}
    uintx ProfiledCodeHeapSize                     = 122909434                              {pd product} {ergonomic}
    uintx ReservedCodeCacheSize                    = 251658240                              {pd product} {ergonomic}
     bool SegmentedCodeCache                       = true                                      {product} {ergonomic}
   size_t SoftMaxHeapSize                          = 1023410176                             {manageable} {ergonomic}
     bool UseCompressedClassPointers               = true                           {product lp64_product} {ergonomic}
     bool UseCompressedOops                        = true                           {product lp64_product} {ergonomic}
     bool UseG1GC                                  = true                                      {product} {ergonomic}
     bool UseLargePagesIndividualAllocation        = false                                  {pd product} {ergonomic}

Logging:
Log output configuration:
 #0: stdout all=warning uptime,level,tags
 #1: stderr all=off uptime,level,tags

Environment Variables:
PATH=C:\Program Files\Common Files\Oracle\Java\javapath;C:\WINDOWS\system32;C:\WINDOWS;C:\WINDOWS\System32\Wbem;C:\WINDOWS\System32\WindowsPowerShell\v1.0\;C:\WINDOWS\System32\OpenSSH\;C:\Program Files\Docker\Docker\resources\bin;C:\Program Files\HP\HP One Agent;C:\Program Files\Git\cmd;C:\Program Files\Vagrant\bin;C:\Program Files (x86)\Windows Kits\10\Windows Performance Toolkit\;SYSTEMC_HOME=C:\systemc-2.3.4;C:\Users\sushm\Downloads\winlibs-x86_64-posix-seh-gcc-14.2.0-llvm-18.1.8-mingw-w64ucrt-12.0.0-r1\mingw64\bin;C:\Program Files\nodejs\;C:\Program Files\MySQL\MySQL Shell 8.0\bin\;C:\Users\sushm\AppData\Local\Programs\Python\Python312\Scripts\;C:\Users\sushm\AppData\Local\Programs\Python\Python312\;C:\Program Files (x86)\Java\jdk1.7.0_21\bin;C:\Users\sushm\AppData\Local\Programs\Microsoft VS Code\bin;C:\Users\sushm\AppData\Local\Microsoft\WindowsApps;SYSTEMC_HOME=C:\systemc-2.3.4;C:\Users\sushm\AppData\Roaming\npm;C:\Users\sushm\AppData\Local\JetBrains\Toolbox\scripts;;C:\Program Files\JetBrains\IntelliJ IDEA Community Edition 2024.3.1.1\bin;
USERNAME=sushm
OS=Windows_NT
PROCESSOR_IDENTIFIER=Intel64 Family 6 Model 142 Stepping 12, GenuineIntel



---------------  S Y S T E M  ---------------

OS:
 Windows 11 , 64 bit Build 22621 (10.0.22621.4391)
OS uptime: 3 days 3:02 hours
Hyper-V role detected

CPU: total 8 (initial active 8) (4 cores per cpu, 2 threads per core) family 6 model 142 stepping 12 microcode 0xea, cx8, cmov, fxsr, ht, mmx, 3dnowpref, sse, sse2, sse3, ssse3, sse4.1, sse4.2, popcnt, lzcnt, tsc, tscinvbit, avx, avx2, aes, erms, clmul, bmi1, bmi2, adx, fma, vzeroupper, clflush, clflushopt, hv

Memory: 4k page, system-wide physical 3899M (137M free)
TotalPageFile size 15675M (AvailPageFile size 9M)
current process WorkingSet (physical memory assigned to process): 206M, peak: 288M
current process commit charge ("private bytes"): 308M, peak: 327M

vm_info: Java HotSpot(TM) 64-Bit Server VM (17.0.7+8-LTS-224) for windows-amd64 JRE (17.0.7+8-LTS-224), built on Feb 28 2023 23:03:02 by "mach5one" with MS VC++ 17.1 (VS2022)

END.
